<?xml version="1.0" encoding="UTF-8"?>
<!-- Generated by org.testng.reporters.JUnitReportReporter -->
<testsuite hostname="DheenatalansAir.fios-router.home" failures="0" tests="1" name="testrunner.testRunner" time="6.838" errors="0" timestamp="2024-07-31T17:03:34 EDT" skipped="0">
  <testcase classname="testrunner.testRunner" name="runScenario" time="6.838"/>
</testsuite> <!-- testrunner.testRunner -->
