<?xml version="1.0" encoding="UTF-8"?>
<!-- Generated by org.testng.reporters.JUnitReportReporter -->
<testsuite hostname="DheenatalansAir.fios-router.home" failures="0" tests="1" name="testrunner.testRunner" time="0.112" errors="0" timestamp="2024-07-27T16:24:48 EDT" skipped="0">
  <testcase classname="testrunner.testRunner" name="runScenario" time="0.112"/>
</testsuite> <!-- testrunner.testRunner -->
